<?xml version="1.0" encoding="UTF-8"?>
<testsuite xmlns:xsi="http://www.w3.org/2001/XMLSchema-instance" xsi:noNamespaceSchemaLocation="https://maven.apache.org/surefire/maven-surefire-plugin/xsd/surefire-test-report.xsd" name="com.keerti_epam.mavenproject.validator.ValidatorTest" time="0.007" tests="5" errors="0" skipped="0" failures="0">
  <properties>
    <property name="java.specification.version" value="14"/>
    <property name="sun.cpu.isalist" value="amd64"/>
    <property name="sun.jnu.encoding" value="Cp1252"/>
    <property name="java.class.path" value="C:\Users\Sreevalli Keerti\EPAM_2K21\mavenproject\target\test-classes;C:\Users\Sreevalli Keerti\EPAM_2K21\mavenproject\target\classes;C:\Users\Sreevalli Keerti\.m2\repository\junit\junit\4.11\junit-4.11.jar;C:\Users\Sreevalli Keerti\.m2\repository\org\hamcrest\hamcrest-core\1.3\hamcrest-core-1.3.jar;"/>
    <property name="java.vm.vendor" value="Oracle Corporation"/>
    <property name="sun.arch.data.model" value="64"/>
    <property name="user.variant" value=""/>
    <property name="java.vendor.url" value="https://java.oracle.com/"/>
    <property name="user.timezone" value="Asia/Calcutta"/>
    <property name="os.name" value="Windows 10"/>
    <property name="java.vm.specification.version" value="14"/>
    <property name="sun.java.launcher" value="SUN_STANDARD"/>
    <property name="user.country" value="IN"/>
    <property name="sun.boot.library.path" value="C:\Program Files\Java\jdk-14.0.1\bin"/>
    <property name="sun.java.command" value="C:\Users\SREEVA~1\AppData\Local\Temp\surefire2059946581193192962\surefirebooter15776191629816976473.jar C:\Users\Sreevalli Keerti\AppData\Local\Temp\surefire2059946581193192962 2021-01-31T20-18-15_198-jvmRun1 surefire7259758271089546422tmp surefire_01251698328948752022tmp"/>
    <property name="jdk.debug" value="release"/>
    <property name="surefire.test.class.path" value="C:\Users\Sreevalli Keerti\EPAM_2K21\mavenproject\target\test-classes;C:\Users\Sreevalli Keerti\EPAM_2K21\mavenproject\target\classes;C:\Users\Sreevalli Keerti\.m2\repository\junit\junit\4.11\junit-4.11.jar;C:\Users\Sreevalli Keerti\.m2\repository\org\hamcrest\hamcrest-core\1.3\hamcrest-core-1.3.jar;"/>
    <property name="sun.cpu.endian" value="little"/>
    <property name="user.home" value="C:\Users\Sreevalli Keerti"/>
    <property name="user.language" value="en"/>
    <property name="java.specification.vendor" value="Oracle Corporation"/>
    <property name="java.version.date" value="2020-04-14"/>
    <property name="java.home" value="C:\Program Files\Java\jdk-14.0.1"/>
    <property name="file.separator" value="\"/>
    <property name="basedir" value="C:\Users\Sreevalli Keerti\EPAM_2K21\mavenproject"/>
    <property name="java.vm.compressedOopsMode" value="32-bit"/>
    <property name="line.separator" value="&#10;"/>
    <property name="java.vm.specification.vendor" value="Oracle Corporation"/>
    <property name="java.specification.name" value="Java Platform API Specification"/>
    <property name="surefire.real.class.path" value="C:\Users\SREEVA~1\AppData\Local\Temp\surefire2059946581193192962\surefirebooter15776191629816976473.jar"/>
    <property name="user.script" value=""/>
    <property name="sun.management.compiler" value="HotSpot 64-Bit Tiered Compilers"/>
    <property name="java.runtime.version" value="14.0.1+7"/>
    <property name="user.name" value="Sreevalli Keerti"/>
    <property name="path.separator" value=";"/>
    <property name="os.version" value="10.0"/>
    <property name="java.runtime.name" value="Java(TM) SE Runtime Environment"/>
    <property name="file.encoding" value="Cp1252"/>
    <property name="java.vm.name" value="Java HotSpot(TM) 64-Bit Server VM"/>
    <property name="localRepository" value="C:\Users\Sreevalli Keerti\.m2\repository"/>
    <property name="java.vendor.url.bug" value="https://bugreport.java.com/bugreport/"/>
    <property name="java.io.tmpdir" value="C:\Users\SREEVA~1\AppData\Local\Temp\"/>
    <property name="java.version" value="14.0.1"/>
    <property name="user.dir" value="C:\Users\Sreevalli Keerti\EPAM_2K21\mavenproject"/>
    <property name="os.arch" value="amd64"/>
    <property name="java.vm.specification.name" value="Java Virtual Machine Specification"/>
    <property name="sun.os.patch.level" value=""/>
    <property name="java.library.path" value="C:\Program Files\Java\jdk-14.0.1\bin;C:\WINDOWS\Sun\Java\bin;C:\WINDOWS\system32;C:\WINDOWS;C:/Users/SREEVA~1/AppData/Local/Temp/eoi1E4E.tmp//plugins/org.eclipse.justj.openjdk.hotspot.jre.minimal.stripped.win32.x86_64_15.0.1.v20201027-0507/jre/bin/server;C:/Users/SREEVA~1/AppData/Local/Temp/eoi1E4E.tmp//plugins/org.eclipse.justj.openjdk.hotspot.jre.minimal.stripped.win32.x86_64_15.0.1.v20201027-0507/jre/bin;C:\Program Files\Common Files\Oracle\Java\javapath;C:\Program Files (x86)\VMware\VMware Player\bin\;C:\Python38\Scripts\;C:\Python38\;D:\app\SreevalliKeerti\product\11.2.0\client_1\bin;E:\app\SreevalliKeerti\product\11.2.0\client_1\bin;C:\Program Files (x86)\Common Files\Oracle\Java\javapath;C:\WINDOWS\system32;C:\WINDOWS;C:\WINDOWS\System32\Wbem;C:\WINDOWS\System32\WindowsPowerShell\v1.0\;C:\WINDOWS\System32\OpenSSH\;D:\MATLAB\R2019a\bin;D:\Putty\PuTTY\;C:\ProgramData\chocolatey\bin;C:\PHP7;C:\Program Files\Git\cmd;C:\Program Files\nodejs\;C:\Program Files\Java\jdk1.8.0_231;C:\Program Files\Java\jre1.8.0_251;C:\Users\Sreevalli Keerti\AppData\Local\Microsoft\WindowsApps;C:\Users\Sreevalli Keerti\AppData\Local\GitHubDesktop\bin;C:\Users\Sreevalli Keerti\composer;C:\Users\Sreevalli Keerti\AppData\Roaming\Composer\vendor\bin;C:\Users\Sreevalli Keerti\AppData\Roaming\npm;C:\Program Files\MongoDB\Server\4.4\bin;;C:\Users\Sreevalli Keerti\AppData\Local\Microsoft\WindowsApps;C:\Users\Sreevalli Keerti\AppData\Local\Programs\Microsoft VS Code\bin;D:\;;."/>
    <property name="java.vm.info" value="mixed mode, sharing"/>
    <property name="java.vendor" value="Oracle Corporation"/>
    <property name="java.vm.version" value="14.0.1+7"/>
    <property name="sun.io.unicode.encoding" value="UnicodeLittle"/>
    <property name="java.class.version" value="58.0"/>
  </properties>
  <testcase name="test[0]" classname="com.keerti_epam.mavenproject.validator.ValidatorTest" time="0"/>
  <testcase name="test[1]" classname="com.keerti_epam.mavenproject.validator.ValidatorTest" time="0"/>
  <testcase name="test[2]" classname="com.keerti_epam.mavenproject.validator.ValidatorTest" time="0"/>
  <testcase name="test[3]" classname="com.keerti_epam.mavenproject.validator.ValidatorTest" time="0.002"/>
  <testcase name="test[4]" classname="com.keerti_epam.mavenproject.validator.ValidatorTest" time="0.001"/>
</testsuite>